<?xml version="1.0" encoding="UTF-8"?>
<!-- Generated by org.testng.reporters.JUnitReportReporter -->
<testsuite skipped="0" hostname="DESKTOP-9PH24M0" name="OAuthTest.OAuthTest" tests="1" failures="0" timestamp="2019-12-31T10:53:04 EET" time="12.513" errors="0">
  <testcase name="testAuth" time="12.513" classname="OAuthTest.OAuthTest"/>
</testsuite> <!-- OAuthTest.OAuthTest -->
